<?xml version="1.0" encoding="UTF-8"?>
<!-- Generated by org.testng.reporters.JUnitXMLReporter -->
<testsuite ignored="0" hostname="DESKTOP-UPACE1D" failures="1" tests="1" name="Test3" time="0.283" errors="0" timestamp="31 Oct 2023 11:47:01 GMT">
  <testcase classname="com.it.bd.tests.OrderTest" name="loginTest" time="0.08">
    <failure type="java.lang.NullPointerException">
      <![CDATA[java.lang.NullPointerException
	at org.openqa.selenium.support.ui.Select.<init>(Select.java:43)
	at com.it.bd.pages.OrderPage.<init>(OrderPage.java:38)
	at com.it.bd.tests.OrderTest.loginTest(OrderTest.java:29)
... Removed 25 stack frames]]>
    </failure>
  </testcase> <!-- loginTest -->
</testsuite> <!-- Test3 -->
